[INFO] Scanning for projects...
[INFO] 
[INFO] --------------------------< com.app:gateway >---------------------------
[INFO] Building gateway 0.0.1-SNAPSHOT
[INFO]   from pom.xml
[INFO] --------------------------------[ jar ]---------------------------------
[INFO] 
[INFO] --- clean:3.3.2:clean (default-clean) @ gateway ---
[INFO] Deleting /home/roco-bz/Escritorio/Proyecto_Lazaro/gateway/target
[INFO] 
[INFO] --- resources:3.3.1:resources (default-resources) @ gateway ---
[INFO] Copying 1 resource from src/main/resources to target/classes
[INFO] Copying 0 resource from src/main/resources to target/classes
[INFO] 
[INFO] --- compiler:3.13.0:compile (default-compile) @ gateway ---
[INFO] Recompiling the module because of changed source code.
[INFO] Compiling 2 source files with javac [debug parameters release 21] to target/classes
[INFO] 
[INFO] --- resources:3.3.1:testResources (default-testResources) @ gateway ---
[INFO] skip non existing resourceDirectory /home/roco-bz/Escritorio/Proyecto_Lazaro/gateway/src/test/resources
[INFO] 
[INFO] --- compiler:3.13.0:testCompile (default-testCompile) @ gateway ---
[INFO] Recompiling the module because of changed dependency.
[INFO] Compiling 1 source file with javac [debug parameters release 21] to target/test-classes
[INFO] 
[INFO] --- surefire:3.2.5:test (default-test) @ gateway ---
[INFO] Tests are skipped.
[INFO] 
[INFO] --- jar:3.4.1:jar (default-jar) @ gateway ---
[INFO] Building jar: /home/roco-bz/Escritorio/Proyecto_Lazaro/gateway/target/gateway-0.0.1-SNAPSHOT.jar
[INFO] 
[INFO] --- spring-boot:3.3.0:repackage (repackage) @ gateway ---
[INFO] Replacing main artifact /home/roco-bz/Escritorio/Proyecto_Lazaro/gateway/target/gateway-0.0.1-SNAPSHOT.jar with repackaged archive, adding nested dependencies in BOOT-INF/.
[INFO] The original artifact has been renamed to /home/roco-bz/Escritorio/Proyecto_Lazaro/gateway/target/gateway-0.0.1-SNAPSHOT.jar.original
[INFO] ------------------------------------------------------------------------
[INFO] BUILD SUCCESS
[INFO] ------------------------------------------------------------------------
[INFO] Total time:  13.793 s
[INFO] Finished at: 2025-05-26T17:31:57-06:00
[INFO] ------------------------------------------------------------------------
