[INFO] Scanning for projects...
[INFO] 
[INFO] ---------------------------< com.app:parser >---------------------------
[INFO] Building parser 0.0.1-SNAPSHOT
[INFO]   from pom.xml
[INFO] --------------------------------[ jar ]---------------------------------
[INFO] 
[INFO] --- clean:3.4.1:clean (default-clean) @ parser ---
[INFO] Deleting /home/roco-bz/Escritorio/Proyecto_Lazaro/parser/target
[INFO] 
[INFO] --- resources:3.3.1:resources (default-resources) @ parser ---
[INFO] Copying 1 resource from src/main/resources to target/classes
[INFO] Copying 0 resource from src/main/resources to target/classes
[INFO] 
[INFO] --- compiler:3.13.0:compile (default-compile) @ parser ---
[INFO] Recompiling the module because of changed source code.
[INFO] Compiling 7 source files with javac [debug parameters release 21] to target/classes
[INFO] 
[INFO] --- resources:3.3.1:testResources (default-testResources) @ parser ---
[INFO] skip non existing resourceDirectory /home/roco-bz/Escritorio/Proyecto_Lazaro/parser/src/test/resources
[INFO] 
[INFO] --- compiler:3.13.0:testCompile (default-testCompile) @ parser ---
[INFO] Recompiling the module because of changed dependency.
[INFO] Compiling 1 source file with javac [debug parameters release 21] to target/test-classes
[INFO] 
[INFO] --- surefire:3.5.3:test (default-test) @ parser ---
[INFO] Using auto detected provider org.apache.maven.surefire.junitplatform.JUnitPlatformProvider
[INFO] 
[INFO] -------------------------------------------------------
[INFO]  T E S T S
[INFO] -------------------------------------------------------
[INFO] Running com.app.parser.ParserApplicationTests
18:11:52.352 [main] INFO org.springframework.test.context.support.AnnotationConfigContextLoaderUtils -- Could not detect default configuration classes for test class [com.app.parser.ParserApplicationTests]: ParserApplicationTests does not declare any static, non-private, non-final, nested classes annotated with @Configuration.
18:11:52.739 [main] INFO org.springframework.boot.test.context.SpringBootTestContextBootstrapper -- Found @SpringBootConfiguration com.app.parser.ParserApplication for test class com.app.parser.ParserApplicationTests

  .   ____          _            __ _ _
 /\\ / ___'_ __ _ _(_)_ __  __ _ \ \ \ \
( ( )\___ | '_ | '_| | '_ \/ _` | \ \ \ \
 \\/  ___)| |_)| | | | | || (_| |  ) ) ) )
  '  |____| .__|_| |_|_| |_\__, | / / / /
 =========|_|==============|___/=/_/_/_/

 :: Spring Boot ::                (v3.4.5)

2025-05-21T18:11:56.150-06:00  INFO 3379 --- [parser] [           main] com.app.parser.ParserApplicationTests    : Starting ParserApplicationTests using Java 21.0.7 with PID 3379 (started by roco-bz in /home/roco-bz/Escritorio/Proyecto_Lazaro/parser)
2025-05-21T18:11:56.158-06:00  INFO 3379 --- [parser] [           main] com.app.parser.ParserApplicationTests    : No active profile set, falling back to 1 default profile: "default"
2025-05-21T18:11:59.120-06:00  INFO 3379 --- [parser] [           main] o.s.cloud.context.scope.GenericScope     : BeanFactory id=f4768346-156a-3ae8-977d-1b08be31c6da
2025-05-21T18:12:01.629-06:00  INFO 3379 --- [parser] [           main] DiscoveryClientOptionalArgsConfiguration : Eureka HTTP Client uses RestTemplate.
2025-05-21T18:12:01.746-06:00  WARN 3379 --- [parser] [           main] iguration$LoadBalancerCaffeineWarnLogger : Spring Cloud LoadBalancer is currently working with the default cache. While this cache implementation is useful for development and tests, it's recommended to use Caffeine cache in production.You can switch to using Caffeine cache, by adding it and org.springframework.cache.caffeine.CaffeineCacheManager to the classpath.
2025-05-21T18:12:01.899-06:00  INFO 3379 --- [parser] [           main] com.app.parser.ParserApplicationTests    : Started ParserApplicationTests in 7.929 seconds (process running for 11.783)
Mockito is currently self-attaching to enable the inline-mock-maker. This will no longer work in future releases of the JDK. Please add Mockito as an agent to your build what is described in Mockito's documentation: https://javadoc.io/doc/org.mockito/mockito-core/latest/org/mockito/Mockito.html#0.3
WARNING: A Java agent has been loaded dynamically (/home/roco-bz/.m2/repository/net/bytebuddy/byte-buddy-agent/1.15.11/byte-buddy-agent-1.15.11.jar)
WARNING: If a serviceability tool is in use, please run with -XX:+EnableDynamicAgentLoading to hide this warning
WARNING: If a serviceability tool is not in use, please run with -Djdk.instrument.traceUsage for more information
WARNING: Dynamic loading of agents will be disallowed by default in a future release
OpenJDK 64-Bit Server VM warning: Sharing is only supported for boot loader classes because bootstrap classpath has been appended
[INFO] Tests run: 1, Failures: 0, Errors: 0, Skipped: 0, Time elapsed: 12.90 s -- in com.app.parser.ParserApplicationTests
[INFO] 
[INFO] Results:
[INFO] 
[INFO] Tests run: 1, Failures: 0, Errors: 0, Skipped: 0
[INFO] 
[INFO] 
[INFO] --- jar:3.4.2:jar (default-jar) @ parser ---
[INFO] Building jar: /home/roco-bz/Escritorio/Proyecto_Lazaro/parser/target/parser-0.0.1-SNAPSHOT.jar
[INFO] 
[INFO] --- spring-boot:3.4.5:repackage (repackage) @ parser ---
[INFO] Replacing main artifact /home/roco-bz/Escritorio/Proyecto_Lazaro/parser/target/parser-0.0.1-SNAPSHOT.jar with repackaged archive, adding nested dependencies in BOOT-INF/.
[INFO] The original artifact has been renamed to /home/roco-bz/Escritorio/Proyecto_Lazaro/parser/target/parser-0.0.1-SNAPSHOT.jar.original
[INFO] ------------------------------------------------------------------------
[INFO] BUILD SUCCESS
[INFO] ------------------------------------------------------------------------
[INFO] Total time:  30.116 s
[INFO] Finished at: 2025-05-21T18:12:08-06:00
[INFO] ------------------------------------------------------------------------
[INFO] Scanning for projects...
[INFO] 
[INFO] ---------------------------< com.app:parser >---------------------------
[INFO] Building parser 0.0.1-SNAPSHOT
[INFO]   from pom.xml
[INFO] --------------------------------[ jar ]---------------------------------
[INFO] 
[INFO] --- clean:3.4.1:clean (default-clean) @ parser ---
[INFO] Deleting /home/roco-bz/Escritorio/Proyecto_Lazaro/parser/target
[INFO] 
[INFO] --- resources:3.3.1:resources (default-resources) @ parser ---
[INFO] Copying 1 resource from src/main/resources to target/classes
[INFO] Copying 0 resource from src/main/resources to target/classes
[INFO] 
[INFO] --- compiler:3.13.0:compile (default-compile) @ parser ---
[INFO] Recompiling the module because of changed source code.
[INFO] Compiling 7 source files with javac [debug parameters release 21] to target/classes
[INFO] 
[INFO] --- resources:3.3.1:testResources (default-testResources) @ parser ---
[INFO] skip non existing resourceDirectory /home/roco-bz/Escritorio/Proyecto_Lazaro/parser/src/test/resources
[INFO] 
[INFO] --- compiler:3.13.0:testCompile (default-testCompile) @ parser ---
[INFO] Recompiling the module because of changed dependency.
[INFO] Compiling 1 source file with javac [debug parameters release 21] to target/test-classes
[INFO] 
[INFO] --- surefire:3.5.3:test (default-test) @ parser ---
[INFO] Using auto detected provider org.apache.maven.surefire.junitplatform.JUnitPlatformProvider
[INFO] 
[INFO] -------------------------------------------------------
[INFO]  T E S T S
[INFO] -------------------------------------------------------
[INFO] Running com.app.parser.ParserApplicationTests
18:20:15.190 [main] INFO org.springframework.test.context.support.AnnotationConfigContextLoaderUtils -- Could not detect default configuration classes for test class [com.app.parser.ParserApplicationTests]: ParserApplicationTests does not declare any static, non-private, non-final, nested classes annotated with @Configuration.
18:20:15.613 [main] INFO org.springframework.boot.test.context.SpringBootTestContextBootstrapper -- Found @SpringBootConfiguration com.app.parser.ParserApplication for test class com.app.parser.ParserApplicationTests

  .   ____          _            __ _ _
 /\\ / ___'_ __ _ _(_)_ __  __ _ \ \ \ \
( ( )\___ | '_ | '_| | '_ \/ _` | \ \ \ \
 \\/  ___)| |_)| | | | | || (_| |  ) ) ) )
  '  |____| .__|_| |_|_| |_\__, | / / / /
 =========|_|==============|___/=/_/_/_/

 :: Spring Boot ::                (v3.4.5)

2025-05-21T18:20:17.961-06:00  INFO 5776 --- [parser] [           main] com.app.parser.ParserApplicationTests    : Starting ParserApplicationTests using Java 21.0.7 with PID 5776 (started by roco-bz in /home/roco-bz/Escritorio/Proyecto_Lazaro/parser)
2025-05-21T18:20:17.969-06:00  INFO 5776 --- [parser] [           main] com.app.parser.ParserApplicationTests    : No active profile set, falling back to 1 default profile: "default"
2025-05-21T18:20:20.393-06:00  INFO 5776 --- [parser] [           main] o.s.cloud.context.scope.GenericScope     : BeanFactory id=f4768346-156a-3ae8-977d-1b08be31c6da
2025-05-21T18:20:23.632-06:00  INFO 5776 --- [parser] [           main] DiscoveryClientOptionalArgsConfiguration : Eureka HTTP Client uses RestTemplate.
2025-05-21T18:20:23.752-06:00  WARN 5776 --- [parser] [           main] iguration$LoadBalancerCaffeineWarnLogger : Spring Cloud LoadBalancer is currently working with the default cache. While this cache implementation is useful for development and tests, it's recommended to use Caffeine cache in production.You can switch to using Caffeine cache, by adding it and org.springframework.cache.caffeine.CaffeineCacheManager to the classpath.
2025-05-21T18:20:23.872-06:00  INFO 5776 --- [parser] [           main] com.app.parser.ParserApplicationTests    : Started ParserApplicationTests in 7.034 seconds (process running for 10.598)
Mockito is currently self-attaching to enable the inline-mock-maker. This will no longer work in future releases of the JDK. Please add Mockito as an agent to your build what is described in Mockito's documentation: https://javadoc.io/doc/org.mockito/mockito-core/latest/org/mockito/Mockito.html#0.3
OpenJDK 64-Bit Server VM warning: Sharing is only supported for boot loader classes because bootstrap classpath has been appended
WARNING: A Java agent has been loaded dynamically (/home/roco-bz/.m2/repository/net/bytebuddy/byte-buddy-agent/1.15.11/byte-buddy-agent-1.15.11.jar)
WARNING: If a serviceability tool is in use, please run with -XX:+EnableDynamicAgentLoading to hide this warning
WARNING: If a serviceability tool is not in use, please run with -Djdk.instrument.traceUsage for more information
WARNING: Dynamic loading of agents will be disallowed by default in a future release
[INFO] Tests run: 1, Failures: 0, Errors: 0, Skipped: 0, Time elapsed: 11.87 s -- in com.app.parser.ParserApplicationTests
[INFO] 
[INFO] Results:
[INFO] 
[INFO] Tests run: 1, Failures: 0, Errors: 0, Skipped: 0
[INFO] 
[INFO] 
[INFO] --- jar:3.4.2:jar (default-jar) @ parser ---
[INFO] Building jar: /home/roco-bz/Escritorio/Proyecto_Lazaro/parser/target/parser-0.0.1-SNAPSHOT.jar
[INFO] 
[INFO] --- spring-boot:3.4.5:repackage (repackage) @ parser ---
[INFO] Replacing main artifact /home/roco-bz/Escritorio/Proyecto_Lazaro/parser/target/parser-0.0.1-SNAPSHOT.jar with repackaged archive, adding nested dependencies in BOOT-INF/.
[INFO] The original artifact has been renamed to /home/roco-bz/Escritorio/Proyecto_Lazaro/parser/target/parser-0.0.1-SNAPSHOT.jar.original
[INFO] ------------------------------------------------------------------------
[INFO] BUILD SUCCESS
[INFO] ------------------------------------------------------------------------
[INFO] Total time:  27.251 s
[INFO] Finished at: 2025-05-21T18:20:31-06:00
[INFO] ------------------------------------------------------------------------
